2023-12-05T12:51:12.245+02:00  INFO 12604 --- [main] c.e.HealthyDog.HealthyDogApplication     : Starting HealthyDogApplication using Java 21.0.1 with PID 12604 (C:\Users\ludemuri\Downloads\HealthyDog2\target\classes started by ludemuri in C:\Users\ludemuri\Downloads\HealthyDog2)
2023-12-05T12:51:12.251+02:00  INFO 12604 --- [main] c.e.HealthyDog.HealthyDogApplication     : No active profile set, falling back to 1 default profile: "default"
2023-12-05T12:51:12.955+02:00  INFO 12604 --- [main] .s.d.r.c.RepositoryConfigurationDelegate : Bootstrapping Spring Data JPA repositories in DEFAULT mode.
2023-12-05T12:51:13.040+02:00  INFO 12604 --- [main] .s.d.r.c.RepositoryConfigurationDelegate : Finished Spring Data repository scanning in 75 ms. Found 3 JPA repository interfaces.
2023-12-05T12:51:13.594+02:00  INFO 12604 --- [main] o.s.b.w.embedded.tomcat.TomcatWebServer  : Tomcat initialized with port 8080 (http)
2023-12-05T12:51:13.604+02:00  INFO 12604 --- [main] o.apache.catalina.core.StandardService   : Starting service [Tomcat]
2023-12-05T12:51:13.604+02:00  INFO 12604 --- [main] o.apache.catalina.core.StandardEngine    : Starting Servlet engine: [Apache Tomcat/10.1.16]
2023-12-05T12:51:13.675+02:00  INFO 12604 --- [main] o.a.c.c.C.[Tomcat].[localhost].[/]       : Initializing Spring embedded WebApplicationContext
2023-12-05T12:51:13.675+02:00  INFO 12604 --- [main] w.s.c.ServletWebServerApplicationContext : Root WebApplicationContext: initialization completed in 1376 ms
2023-12-05T12:51:13.704+02:00  INFO 12604 --- [main] com.zaxxer.hikari.HikariDataSource       : HikariPool-1 - Starting...
2023-12-05T12:51:13.891+02:00  INFO 12604 --- [main] com.zaxxer.hikari.pool.HikariPool        : HikariPool-1 - Added connection conn0: url=jdbc:h2:mem:healthydog user=SA
2023-12-05T12:51:13.893+02:00  INFO 12604 --- [main] com.zaxxer.hikari.HikariDataSource       : HikariPool-1 - Start completed.
2023-12-05T12:51:13.904+02:00  INFO 12604 --- [main] o.s.b.a.h2.H2ConsoleAutoConfiguration    : H2 console available at '/h2-console'. Database available at 'jdbc:h2:mem:healthydog'
2023-12-05T12:51:14.085+02:00  INFO 12604 --- [main] o.hibernate.jpa.internal.util.LogHelper  : HHH000204: Processing PersistenceUnitInfo [name: default]
2023-12-05T12:51:14.154+02:00  INFO 12604 --- [main] org.hibernate.Version                    : HHH000412: Hibernate ORM core version 6.3.1.Final
2023-12-05T12:51:14.190+02:00  INFO 12604 --- [main] o.h.c.internal.RegionFactoryInitiator    : HHH000026: Second-level cache disabled
2023-12-05T12:51:14.425+02:00  INFO 12604 --- [main] o.s.o.j.p.SpringPersistenceUnitInfo      : No LoadTimeWeaver setup: ignoring JPA class transformer
2023-12-05T12:51:15.311+02:00  INFO 12604 --- [main] o.h.e.t.j.p.i.JtaPlatformInitiator       : HHH000489: No JTA platform available (set 'hibernate.transaction.jta.platform' to enable JTA platform integration)
2023-12-05T12:51:15.314+02:00  INFO 12604 --- [main] j.LocalContainerEntityManagerFactoryBean : Initialized JPA EntityManagerFactory for persistence unit 'default'
2023-12-05T12:51:15.652+02:00  WARN 12604 --- [main] JpaBaseConfiguration$JpaWebConfiguration : spring.jpa.open-in-view is enabled by default. Therefore, database queries may be performed during view rendering. Explicitly configure spring.jpa.open-in-view to disable this warning
2023-12-05T12:51:15.673+02:00  INFO 12604 --- [main] o.s.b.a.w.s.WelcomePageHandlerMapping    : Adding welcome page template: index
2023-12-05T12:51:15.988+02:00  INFO 12604 --- [main] o.s.b.w.embedded.tomcat.TomcatWebServer  : Tomcat started on port 8080 (http) with context path ''
2023-12-05T12:51:15.995+02:00  INFO 12604 --- [main] c.e.HealthyDog.HealthyDogApplication     : Started HealthyDogApplication in 4.198 seconds (process running for 4.583)
2023-12-05T12:53:13.401+02:00  INFO 12604 --- [SpringApplicationShutdownHook] j.LocalContainerEntityManagerFactoryBean : Closing JPA EntityManagerFactory for persistence unit 'default'
2023-12-05T12:53:13.404+02:00  INFO 12604 --- [SpringApplicationShutdownHook] com.zaxxer.hikari.HikariDataSource       : HikariPool-1 - Shutdown initiated...
2023-12-05T12:53:13.407+02:00  INFO 12604 --- [SpringApplicationShutdownHook] com.zaxxer.hikari.HikariDataSource       : HikariPool-1 - Shutdown completed.
