2023-12-05T12:53:16.472+02:00  INFO 1648 --- [main] c.e.HealthyDog.HealthyDogApplication     : Starting HealthyDogApplication using Java 21.0.1 with PID 1648 (C:\Users\ludemuri\Downloads\HealthyDog2\target\classes started by ludemuri in C:\Users\ludemuri\Downloads\HealthyDog2)
2023-12-05T12:53:16.474+02:00  INFO 1648 --- [main] c.e.HealthyDog.HealthyDogApplication     : No active profile set, falling back to 1 default profile: "default"
2023-12-05T12:53:17.114+02:00  INFO 1648 --- [main] .s.d.r.c.RepositoryConfigurationDelegate : Bootstrapping Spring Data JPA repositories in DEFAULT mode.
2023-12-05T12:53:17.186+02:00  INFO 1648 --- [main] .s.d.r.c.RepositoryConfigurationDelegate : Finished Spring Data repository scanning in 63 ms. Found 3 JPA repository interfaces.
2023-12-05T12:53:17.732+02:00  INFO 1648 --- [main] o.s.b.w.embedded.tomcat.TomcatWebServer  : Tomcat initialized with port 8080 (http)
2023-12-05T12:53:17.742+02:00  INFO 1648 --- [main] o.apache.catalina.core.StandardService   : Starting service [Tomcat]
2023-12-05T12:53:17.743+02:00  INFO 1648 --- [main] o.apache.catalina.core.StandardEngine    : Starting Servlet engine: [Apache Tomcat/10.1.16]
2023-12-05T12:53:17.812+02:00  INFO 1648 --- [main] o.a.c.c.C.[Tomcat].[localhost].[/]       : Initializing Spring embedded WebApplicationContext
2023-12-05T12:53:17.812+02:00  INFO 1648 --- [main] w.s.c.ServletWebServerApplicationContext : Root WebApplicationContext: initialization completed in 1290 ms
2023-12-05T12:53:17.841+02:00  INFO 1648 --- [main] com.zaxxer.hikari.HikariDataSource       : HikariPool-1 - Starting...
2023-12-05T12:53:18.035+02:00  INFO 1648 --- [main] com.zaxxer.hikari.pool.HikariPool        : HikariPool-1 - Added connection conn0: url=jdbc:h2:mem:healthydog user=SA
2023-12-05T12:53:18.036+02:00  INFO 1648 --- [main] com.zaxxer.hikari.HikariDataSource       : HikariPool-1 - Start completed.
2023-12-05T12:53:18.047+02:00  INFO 1648 --- [main] o.s.b.a.h2.H2ConsoleAutoConfiguration    : H2 console available at '/h2-console'. Database available at 'jdbc:h2:mem:healthydog'
2023-12-05T12:53:18.230+02:00  INFO 1648 --- [main] o.hibernate.jpa.internal.util.LogHelper  : HHH000204: Processing PersistenceUnitInfo [name: default]
2023-12-05T12:53:18.300+02:00  INFO 1648 --- [main] org.hibernate.Version                    : HHH000412: Hibernate ORM core version 6.3.1.Final
2023-12-05T12:53:18.335+02:00  INFO 1648 --- [main] o.h.c.internal.RegionFactoryInitiator    : HHH000026: Second-level cache disabled
2023-12-05T12:53:18.569+02:00  INFO 1648 --- [main] o.s.o.j.p.SpringPersistenceUnitInfo      : No LoadTimeWeaver setup: ignoring JPA class transformer
2023-12-05T12:53:19.393+02:00  INFO 1648 --- [main] o.h.e.t.j.p.i.JtaPlatformInitiator       : HHH000489: No JTA platform available (set 'hibernate.transaction.jta.platform' to enable JTA platform integration)
2023-12-05T12:53:19.396+02:00  INFO 1648 --- [main] j.LocalContainerEntityManagerFactoryBean : Initialized JPA EntityManagerFactory for persistence unit 'default'
2023-12-05T12:53:19.733+02:00  WARN 1648 --- [main] JpaBaseConfiguration$JpaWebConfiguration : spring.jpa.open-in-view is enabled by default. Therefore, database queries may be performed during view rendering. Explicitly configure spring.jpa.open-in-view to disable this warning
2023-12-05T12:53:19.754+02:00  INFO 1648 --- [main] o.s.b.a.w.s.WelcomePageHandlerMapping    : Adding welcome page template: index
2023-12-05T12:53:20.068+02:00  INFO 1648 --- [main] o.s.b.w.embedded.tomcat.TomcatWebServer  : Tomcat started on port 8080 (http) with context path ''
2023-12-05T12:53:20.074+02:00  INFO 1648 --- [main] c.e.HealthyDog.HealthyDogApplication     : Started HealthyDogApplication in 4.052 seconds (process running for 4.461)
2023-12-05T13:19:08.948+02:00  INFO 5236 --- [main] c.e.HealthyDog.HealthyDogApplication     : Starting HealthyDogApplication using Java 17.0.7 with PID 5236 (C:\Users\MJ\Desktop\BC\HealthyDog\target\classes started by MJ in C:\Users\MJ\Desktop\BC\HealthyDog)
2023-12-05T13:19:08.950+02:00  INFO 5236 --- [main] c.e.HealthyDog.HealthyDogApplication     : No active profile set, falling back to 1 default profile: "default"
2023-12-05T13:19:09.372+02:00  INFO 5236 --- [main] .s.d.r.c.RepositoryConfigurationDelegate : Bootstrapping Spring Data JPA repositories in DEFAULT mode.
2023-12-05T13:19:09.415+02:00  INFO 5236 --- [main] .s.d.r.c.RepositoryConfigurationDelegate : Finished Spring Data repository scanning in 37 ms. Found 3 JPA repository interfaces.
2023-12-05T13:19:09.772+02:00  INFO 5236 --- [main] o.s.b.w.embedded.tomcat.TomcatWebServer  : Tomcat initialized with port 8080 (http)
2023-12-05T13:19:09.780+02:00  INFO 5236 --- [main] o.apache.catalina.core.StandardService   : Starting service [Tomcat]
2023-12-05T13:19:09.780+02:00  INFO 5236 --- [main] o.apache.catalina.core.StandardEngine    : Starting Servlet engine: [Apache Tomcat/10.1.16]
2023-12-05T13:19:09.827+02:00  INFO 5236 --- [main] o.a.c.c.C.[Tomcat].[localhost].[/]       : Initializing Spring embedded WebApplicationContext
2023-12-05T13:19:09.829+02:00  INFO 5236 --- [main] w.s.c.ServletWebServerApplicationContext : Root WebApplicationContext: initialization completed in 844 ms
2023-12-05T13:19:09.848+02:00  INFO 5236 --- [main] com.zaxxer.hikari.HikariDataSource       : HikariPool-1 - Starting...
2023-12-05T13:19:09.968+02:00  INFO 5236 --- [main] com.zaxxer.hikari.pool.HikariPool        : HikariPool-1 - Added connection conn0: url=jdbc:h2:mem:healthydog user=SA
2023-12-05T13:19:09.969+02:00  INFO 5236 --- [main] com.zaxxer.hikari.HikariDataSource       : HikariPool-1 - Start completed.
2023-12-05T13:19:09.977+02:00  INFO 5236 --- [main] o.s.b.a.h2.H2ConsoleAutoConfiguration    : H2 console available at '/h2-console'. Database available at 'jdbc:h2:mem:healthydog'
2023-12-05T13:19:10.106+02:00  INFO 5236 --- [main] o.hibernate.jpa.internal.util.LogHelper  : HHH000204: Processing PersistenceUnitInfo [name: default]
2023-12-05T13:19:10.139+02:00  INFO 5236 --- [main] org.hibernate.Version                    : HHH000412: Hibernate ORM core version 6.3.1.Final
2023-12-05T13:19:10.163+02:00  INFO 5236 --- [main] o.h.c.internal.RegionFactoryInitiator    : HHH000026: Second-level cache disabled
2023-12-05T13:19:10.309+02:00  INFO 5236 --- [main] o.s.o.j.p.SpringPersistenceUnitInfo      : No LoadTimeWeaver setup: ignoring JPA class transformer
2023-12-05T13:19:10.846+02:00  INFO 5236 --- [main] o.h.e.t.j.p.i.JtaPlatformInitiator       : HHH000489: No JTA platform available (set 'hibernate.transaction.jta.platform' to enable JTA platform integration)
2023-12-05T13:19:10.847+02:00  INFO 5236 --- [main] j.LocalContainerEntityManagerFactoryBean : Initialized JPA EntityManagerFactory for persistence unit 'default'
2023-12-05T13:19:11.067+02:00  WARN 5236 --- [main] JpaBaseConfiguration$JpaWebConfiguration : spring.jpa.open-in-view is enabled by default. Therefore, database queries may be performed during view rendering. Explicitly configure spring.jpa.open-in-view to disable this warning
2023-12-05T13:19:11.079+02:00  INFO 5236 --- [main] o.s.b.a.w.s.WelcomePageHandlerMapping    : Adding welcome page template: index
2023-12-05T13:19:11.277+02:00  INFO 5236 --- [main] o.s.b.w.embedded.tomcat.TomcatWebServer  : Tomcat started on port 8080 (http) with context path ''
2023-12-05T13:19:11.283+02:00  INFO 5236 --- [main] c.e.HealthyDog.HealthyDogApplication     : Started HealthyDogApplication in 2.628 seconds (process running for 2.903)
2023-12-05T13:20:25.469+02:00  INFO 5236 --- [http-nio-8080-exec-9] o.a.c.c.C.[Tomcat].[localhost].[/]       : Initializing Spring DispatcherServlet 'dispatcherServlet'
2023-12-05T13:20:25.469+02:00  INFO 5236 --- [http-nio-8080-exec-9] o.s.web.servlet.DispatcherServlet        : Initializing Servlet 'dispatcherServlet'
2023-12-05T13:20:25.470+02:00  INFO 5236 --- [http-nio-8080-exec-9] o.s.web.servlet.DispatcherServlet        : Completed initialization in 1 ms
2023-12-05T13:20:27.153+02:00  WARN 5236 --- [http-nio-8080-exec-1] .w.s.m.s.DefaultHandlerExceptionResolver : Resolved [org.springframework.web.bind.MissingServletRequestParameterException: Required request parameter 'message' for method parameter type String is not present]
2023-12-05T13:20:32.705+02:00  WARN 5236 --- [http-nio-8080-exec-8] .w.s.m.s.DefaultHandlerExceptionResolver : Resolved [org.springframework.web.bind.MissingServletRequestParameterException: Required request parameter 'message' for method parameter type String is not present]
2023-12-05T13:20:34.755+02:00  WARN 5236 --- [http-nio-8080-exec-3] .w.s.m.s.DefaultHandlerExceptionResolver : Resolved [org.springframework.web.bind.MissingServletRequestParameterException: Required request parameter 'message' for method parameter type String is not present]
2023-12-05T13:23:19.128+02:00  WARN 5236 --- [http-nio-8080-exec-6] .w.s.m.s.DefaultHandlerExceptionResolver : Resolved [org.springframework.web.bind.MissingServletRequestParameterException: Required request parameter 'message' for method parameter type String is not present]
2023-12-05T13:23:40.184+02:00  WARN 5236 --- [http-nio-8080-exec-10] .w.s.m.s.DefaultHandlerExceptionResolver : Resolved [org.springframework.web.bind.MissingServletRequestParameterException: Required request parameter 'message' for method parameter type String is not present]
2023-12-05T13:24:41.832+02:00  WARN 5236 --- [http-nio-8080-exec-2] .w.s.m.s.DefaultHandlerExceptionResolver : Resolved [org.springframework.web.bind.MissingServletRequestParameterException: Required request parameter 'message' for method parameter type String is not present]
2023-12-05T13:25:09.170+02:00  INFO 5236 --- [SpringApplicationShutdownHook] j.LocalContainerEntityManagerFactoryBean : Closing JPA EntityManagerFactory for persistence unit 'default'
2023-12-05T13:25:09.172+02:00  INFO 5236 --- [SpringApplicationShutdownHook] com.zaxxer.hikari.HikariDataSource       : HikariPool-1 - Shutdown initiated...
2023-12-05T13:25:09.173+02:00  INFO 5236 --- [SpringApplicationShutdownHook] com.zaxxer.hikari.HikariDataSource       : HikariPool-1 - Shutdown completed.
2023-12-05T13:19:08.948+02:00  INFO 5236 --- [main] c.e.HealthyDog.HealthyDogApplication     : Starting HealthyDogApplication using Java 17.0.7 with PID 5236 (C:\Users\MJ\Desktop\BC\HealthyDog\target\classes started by MJ in C:\Users\MJ\Desktop\BC\HealthyDog)
2023-12-05T13:19:08.950+02:00  INFO 5236 --- [main] c.e.HealthyDog.HealthyDogApplication     : No active profile set, falling back to 1 default profile: "default"
2023-12-05T13:19:09.372+02:00  INFO 5236 --- [main] .s.d.r.c.RepositoryConfigurationDelegate : Bootstrapping Spring Data JPA repositories in DEFAULT mode.
2023-12-05T13:19:09.415+02:00  INFO 5236 --- [main] .s.d.r.c.RepositoryConfigurationDelegate : Finished Spring Data repository scanning in 37 ms. Found 3 JPA repository interfaces.
2023-12-05T13:19:09.772+02:00  INFO 5236 --- [main] o.s.b.w.embedded.tomcat.TomcatWebServer  : Tomcat initialized with port 8080 (http)
2023-12-05T13:19:09.780+02:00  INFO 5236 --- [main] o.apache.catalina.core.StandardService   : Starting service [Tomcat]
2023-12-05T13:19:09.780+02:00  INFO 5236 --- [main] o.apache.catalina.core.StandardEngine    : Starting Servlet engine: [Apache Tomcat/10.1.16]
2023-12-05T13:19:09.827+02:00  INFO 5236 --- [main] o.a.c.c.C.[Tomcat].[localhost].[/]       : Initializing Spring embedded WebApplicationContext
2023-12-05T13:19:09.829+02:00  INFO 5236 --- [main] w.s.c.ServletWebServerApplicationContext : Root WebApplicationContext: initialization completed in 844 ms
2023-12-05T13:19:09.848+02:00  INFO 5236 --- [main] com.zaxxer.hikari.HikariDataSource       : HikariPool-1 - Starting...
2023-12-05T13:19:09.968+02:00  INFO 5236 --- [main] com.zaxxer.hikari.pool.HikariPool        : HikariPool-1 - Added connection conn0: url=jdbc:h2:mem:healthydog user=SA
2023-12-05T13:19:09.969+02:00  INFO 5236 --- [main] com.zaxxer.hikari.HikariDataSource       : HikariPool-1 - Start completed.
2023-12-05T13:19:09.977+02:00  INFO 5236 --- [main] o.s.b.a.h2.H2ConsoleAutoConfiguration    : H2 console available at '/h2-console'. Database available at 'jdbc:h2:mem:healthydog'
2023-12-05T13:19:10.106+02:00  INFO 5236 --- [main] o.hibernate.jpa.internal.util.LogHelper  : HHH000204: Processing PersistenceUnitInfo [name: default]
2023-12-05T13:19:10.139+02:00  INFO 5236 --- [main] org.hibernate.Version                    : HHH000412: Hibernate ORM core version 6.3.1.Final
2023-12-05T13:19:10.163+02:00  INFO 5236 --- [main] o.h.c.internal.RegionFactoryInitiator    : HHH000026: Second-level cache disabled
2023-12-05T13:19:10.309+02:00  INFO 5236 --- [main] o.s.o.j.p.SpringPersistenceUnitInfo      : No LoadTimeWeaver setup: ignoring JPA class transformer
2023-12-05T13:19:10.846+02:00  INFO 5236 --- [main] o.h.e.t.j.p.i.JtaPlatformInitiator       : HHH000489: No JTA platform available (set 'hibernate.transaction.jta.platform' to enable JTA platform integration)
2023-12-05T13:19:10.847+02:00  INFO 5236 --- [main] j.LocalContainerEntityManagerFactoryBean : Initialized JPA EntityManagerFactory for persistence unit 'default'
2023-12-05T13:19:11.067+02:00  WARN 5236 --- [main] JpaBaseConfiguration$JpaWebConfiguration : spring.jpa.open-in-view is enabled by default. Therefore, database queries may be performed during view rendering. Explicitly configure spring.jpa.open-in-view to disable this warning
2023-12-05T13:19:11.079+02:00  INFO 5236 --- [main] o.s.b.a.w.s.WelcomePageHandlerMapping    : Adding welcome page template: index
2023-12-05T13:19:11.277+02:00  INFO 5236 --- [main] o.s.b.w.embedded.tomcat.TomcatWebServer  : Tomcat started on port 8080 (http) with context path ''
2023-12-05T13:19:11.283+02:00  INFO 5236 --- [main] c.e.HealthyDog.HealthyDogApplication     : Started HealthyDogApplication in 2.628 seconds (process running for 2.903)
2023-12-05T13:20:25.469+02:00  INFO 5236 --- [http-nio-8080-exec-9] o.a.c.c.C.[Tomcat].[localhost].[/]       : Initializing Spring DispatcherServlet 'dispatcherServlet'
2023-12-05T13:20:25.469+02:00  INFO 5236 --- [http-nio-8080-exec-9] o.s.web.servlet.DispatcherServlet        : Initializing Servlet 'dispatcherServlet'
2023-12-05T13:20:25.470+02:00  INFO 5236 --- [http-nio-8080-exec-9] o.s.web.servlet.DispatcherServlet        : Completed initialization in 1 ms
2023-12-05T13:20:27.153+02:00  WARN 5236 --- [http-nio-8080-exec-1] .w.s.m.s.DefaultHandlerExceptionResolver : Resolved [org.springframework.web.bind.MissingServletRequestParameterException: Required request parameter 'message' for method parameter type String is not present]
2023-12-05T13:20:32.705+02:00  WARN 5236 --- [http-nio-8080-exec-8] .w.s.m.s.DefaultHandlerExceptionResolver : Resolved [org.springframework.web.bind.MissingServletRequestParameterException: Required request parameter 'message' for method parameter type String is not present]
2023-12-05T13:20:34.755+02:00  WARN 5236 --- [http-nio-8080-exec-3] .w.s.m.s.DefaultHandlerExceptionResolver : Resolved [org.springframework.web.bind.MissingServletRequestParameterException: Required request parameter 'message' for method parameter type String is not present]
2023-12-05T13:23:19.128+02:00  WARN 5236 --- [http-nio-8080-exec-6] .w.s.m.s.DefaultHandlerExceptionResolver : Resolved [org.springframework.web.bind.MissingServletRequestParameterException: Required request parameter 'message' for method parameter type String is not present]
2023-12-05T13:23:40.184+02:00  WARN 5236 --- [http-nio-8080-exec-10] .w.s.m.s.DefaultHandlerExceptionResolver : Resolved [org.springframework.web.bind.MissingServletRequestParameterException: Required request parameter 'message' for method parameter type String is not present]
2023-12-05T13:24:41.832+02:00  WARN 5236 --- [http-nio-8080-exec-2] .w.s.m.s.DefaultHandlerExceptionResolver : Resolved [org.springframework.web.bind.MissingServletRequestParameterException: Required request parameter 'message' for method parameter type String is not present]
2023-12-05T13:25:09.170+02:00  INFO 5236 --- [SpringApplicationShutdownHook] j.LocalContainerEntityManagerFactoryBean : Closing JPA EntityManagerFactory for persistence unit 'default'
2023-12-05T13:25:09.172+02:00  INFO 5236 --- [SpringApplicationShutdownHook] com.zaxxer.hikari.HikariDataSource       : HikariPool-1 - Shutdown initiated...
2023-12-05T13:25:09.173+02:00  INFO 5236 --- [SpringApplicationShutdownHook] com.zaxxer.hikari.HikariDataSource       : HikariPool-1 - Shutdown completed.
2023-12-05T13:25:10.528+02:00  INFO 13040 --- [main] c.e.HealthyDog.HealthyDogApplication     : Starting HealthyDogApplication using Java 17.0.7 with PID 13040 (C:\Users\MJ\Desktop\BC\HealthyDog\target\classes started by MJ in C:\Users\MJ\Desktop\BC\HealthyDog)
2023-12-05T13:25:10.530+02:00  INFO 13040 --- [main] c.e.HealthyDog.HealthyDogApplication     : No active profile set, falling back to 1 default profile: "default"
2023-12-05T13:25:10.967+02:00  INFO 13040 --- [main] .s.d.r.c.RepositoryConfigurationDelegate : Bootstrapping Spring Data JPA repositories in DEFAULT mode.
2023-12-05T13:25:11.010+02:00  INFO 13040 --- [main] .s.d.r.c.RepositoryConfigurationDelegate : Finished Spring Data repository scanning in 37 ms. Found 3 JPA repository interfaces.
2023-12-05T13:25:11.379+02:00  INFO 13040 --- [main] o.s.b.w.embedded.tomcat.TomcatWebServer  : Tomcat initialized with port 8080 (http)
2023-12-05T13:25:11.385+02:00  INFO 13040 --- [main] o.apache.catalina.core.StandardService   : Starting service [Tomcat]
2023-12-05T13:25:11.385+02:00  INFO 13040 --- [main] o.apache.catalina.core.StandardEngine    : Starting Servlet engine: [Apache Tomcat/10.1.16]
2023-12-05T13:25:11.434+02:00  INFO 13040 --- [main] o.a.c.c.C.[Tomcat].[localhost].[/]       : Initializing Spring embedded WebApplicationContext
2023-12-05T13:25:11.434+02:00  INFO 13040 --- [main] w.s.c.ServletWebServerApplicationContext : Root WebApplicationContext: initialization completed in 867 ms
2023-12-05T13:25:11.458+02:00  INFO 13040 --- [main] com.zaxxer.hikari.HikariDataSource       : HikariPool-1 - Starting...
2023-12-05T13:25:11.566+02:00  INFO 13040 --- [main] com.zaxxer.hikari.pool.HikariPool        : HikariPool-1 - Added connection conn0: url=jdbc:h2:mem:healthydog user=SA
2023-12-05T13:25:11.567+02:00  INFO 13040 --- [main] com.zaxxer.hikari.HikariDataSource       : HikariPool-1 - Start completed.
2023-12-05T13:25:11.574+02:00  INFO 13040 --- [main] o.s.b.a.h2.H2ConsoleAutoConfiguration    : H2 console available at '/h2-console'. Database available at 'jdbc:h2:mem:healthydog'
2023-12-05T13:25:11.694+02:00  INFO 13040 --- [main] o.hibernate.jpa.internal.util.LogHelper  : HHH000204: Processing PersistenceUnitInfo [name: default]
2023-12-05T13:25:11.728+02:00  INFO 13040 --- [main] org.hibernate.Version                    : HHH000412: Hibernate ORM core version 6.3.1.Final
2023-12-05T13:25:11.753+02:00  INFO 13040 --- [main] o.h.c.internal.RegionFactoryInitiator    : HHH000026: Second-level cache disabled
2023-12-05T13:25:11.898+02:00  INFO 13040 --- [main] o.s.o.j.p.SpringPersistenceUnitInfo      : No LoadTimeWeaver setup: ignoring JPA class transformer
2023-12-05T13:25:12.423+02:00  INFO 13040 --- [main] o.h.e.t.j.p.i.JtaPlatformInitiator       : HHH000489: No JTA platform available (set 'hibernate.transaction.jta.platform' to enable JTA platform integration)
2023-12-05T13:25:12.424+02:00  INFO 13040 --- [main] j.LocalContainerEntityManagerFactoryBean : Initialized JPA EntityManagerFactory for persistence unit 'default'
2023-12-05T13:25:12.654+02:00  WARN 13040 --- [main] JpaBaseConfiguration$JpaWebConfiguration : spring.jpa.open-in-view is enabled by default. Therefore, database queries may be performed during view rendering. Explicitly configure spring.jpa.open-in-view to disable this warning
2023-12-05T13:25:12.668+02:00  INFO 13040 --- [main] o.s.b.a.w.s.WelcomePageHandlerMapping    : Adding welcome page template: index
2023-12-05T13:25:12.863+02:00  INFO 13040 --- [main] o.s.b.w.embedded.tomcat.TomcatWebServer  : Tomcat started on port 8080 (http) with context path ''
2023-12-05T13:25:12.868+02:00  INFO 13040 --- [main] c.e.HealthyDog.HealthyDogApplication     : Started HealthyDogApplication in 2.636 seconds (process running for 2.933)
2023-12-05T13:25:14.263+02:00  INFO 13040 --- [http-nio-8080-exec-1] o.a.c.c.C.[Tomcat].[localhost].[/]       : Initializing Spring DispatcherServlet 'dispatcherServlet'
2023-12-05T13:25:14.263+02:00  INFO 13040 --- [http-nio-8080-exec-1] o.s.web.servlet.DispatcherServlet        : Initializing Servlet 'dispatcherServlet'
2023-12-05T13:25:14.264+02:00  INFO 13040 --- [http-nio-8080-exec-1] o.s.web.servlet.DispatcherServlet        : Completed initialization in 1 ms
2023-12-05T13:25:15.429+02:00  WARN 13040 --- [http-nio-8080-exec-2] .w.s.m.s.DefaultHandlerExceptionResolver : Resolved [org.springframework.web.bind.MissingServletRequestParameterException: Required request parameter 'type' for method parameter type String is not present]
2023-12-05T13:25:15.532+02:00  WARN 13040 --- [http-nio-8080-exec-3] .w.s.m.s.DefaultHandlerExceptionResolver : Resolved [org.springframework.web.bind.MissingServletRequestParameterException: Required request parameter 'message' for method parameter type String is not present]
2023-12-05T13:19:08.948+02:00  INFO 5236 --- [main] c.e.HealthyDog.HealthyDogApplication     : Starting HealthyDogApplication using Java 17.0.7 with PID 5236 (C:\Users\MJ\Desktop\BC\HealthyDog\target\classes started by MJ in C:\Users\MJ\Desktop\BC\HealthyDog)
2023-12-05T13:19:08.950+02:00  INFO 5236 --- [main] c.e.HealthyDog.HealthyDogApplication     : No active profile set, falling back to 1 default profile: "default"
2023-12-05T13:19:09.372+02:00  INFO 5236 --- [main] .s.d.r.c.RepositoryConfigurationDelegate : Bootstrapping Spring Data JPA repositories in DEFAULT mode.
2023-12-05T13:19:09.415+02:00  INFO 5236 --- [main] .s.d.r.c.RepositoryConfigurationDelegate : Finished Spring Data repository scanning in 37 ms. Found 3 JPA repository interfaces.
2023-12-05T13:19:09.772+02:00  INFO 5236 --- [main] o.s.b.w.embedded.tomcat.TomcatWebServer  : Tomcat initialized with port 8080 (http)
2023-12-05T13:19:09.780+02:00  INFO 5236 --- [main] o.apache.catalina.core.StandardService   : Starting service [Tomcat]
2023-12-05T13:19:09.780+02:00  INFO 5236 --- [main] o.apache.catalina.core.StandardEngine    : Starting Servlet engine: [Apache Tomcat/10.1.16]
2023-12-05T13:19:09.827+02:00  INFO 5236 --- [main] o.a.c.c.C.[Tomcat].[localhost].[/]       : Initializing Spring embedded WebApplicationContext
2023-12-05T13:19:09.829+02:00  INFO 5236 --- [main] w.s.c.ServletWebServerApplicationContext : Root WebApplicationContext: initialization completed in 844 ms
2023-12-05T13:19:09.848+02:00  INFO 5236 --- [main] com.zaxxer.hikari.HikariDataSource       : HikariPool-1 - Starting...
2023-12-05T13:19:09.968+02:00  INFO 5236 --- [main] com.zaxxer.hikari.pool.HikariPool        : HikariPool-1 - Added connection conn0: url=jdbc:h2:mem:healthydog user=SA
2023-12-05T13:19:09.969+02:00  INFO 5236 --- [main] com.zaxxer.hikari.HikariDataSource       : HikariPool-1 - Start completed.
2023-12-05T13:19:09.977+02:00  INFO 5236 --- [main] o.s.b.a.h2.H2ConsoleAutoConfiguration    : H2 console available at '/h2-console'. Database available at 'jdbc:h2:mem:healthydog'
2023-12-05T13:19:10.106+02:00  INFO 5236 --- [main] o.hibernate.jpa.internal.util.LogHelper  : HHH000204: Processing PersistenceUnitInfo [name: default]
2023-12-05T13:19:10.139+02:00  INFO 5236 --- [main] org.hibernate.Version                    : HHH000412: Hibernate ORM core version 6.3.1.Final
2023-12-05T13:19:10.163+02:00  INFO 5236 --- [main] o.h.c.internal.RegionFactoryInitiator    : HHH000026: Second-level cache disabled
2023-12-05T13:19:10.309+02:00  INFO 5236 --- [main] o.s.o.j.p.SpringPersistenceUnitInfo      : No LoadTimeWeaver setup: ignoring JPA class transformer
2023-12-05T13:19:10.846+02:00  INFO 5236 --- [main] o.h.e.t.j.p.i.JtaPlatformInitiator       : HHH000489: No JTA platform available (set 'hibernate.transaction.jta.platform' to enable JTA platform integration)
2023-12-05T13:19:10.847+02:00  INFO 5236 --- [main] j.LocalContainerEntityManagerFactoryBean : Initialized JPA EntityManagerFactory for persistence unit 'default'
2023-12-05T13:19:11.067+02:00  WARN 5236 --- [main] JpaBaseConfiguration$JpaWebConfiguration : spring.jpa.open-in-view is enabled by default. Therefore, database queries may be performed during view rendering. Explicitly configure spring.jpa.open-in-view to disable this warning
2023-12-05T13:19:11.079+02:00  INFO 5236 --- [main] o.s.b.a.w.s.WelcomePageHandlerMapping    : Adding welcome page template: index
2023-12-05T13:19:11.277+02:00  INFO 5236 --- [main] o.s.b.w.embedded.tomcat.TomcatWebServer  : Tomcat started on port 8080 (http) with context path ''
2023-12-05T13:19:11.283+02:00  INFO 5236 --- [main] c.e.HealthyDog.HealthyDogApplication     : Started HealthyDogApplication in 2.628 seconds (process running for 2.903)
2023-12-05T13:20:25.469+02:00  INFO 5236 --- [http-nio-8080-exec-9] o.a.c.c.C.[Tomcat].[localhost].[/]       : Initializing Spring DispatcherServlet 'dispatcherServlet'
2023-12-05T13:20:25.469+02:00  INFO 5236 --- [http-nio-8080-exec-9] o.s.web.servlet.DispatcherServlet        : Initializing Servlet 'dispatcherServlet'
2023-12-05T13:20:25.470+02:00  INFO 5236 --- [http-nio-8080-exec-9] o.s.web.servlet.DispatcherServlet        : Completed initialization in 1 ms
2023-12-05T13:20:27.153+02:00  WARN 5236 --- [http-nio-8080-exec-1] .w.s.m.s.DefaultHandlerExceptionResolver : Resolved [org.springframework.web.bind.MissingServletRequestParameterException: Required request parameter 'message' for method parameter type String is not present]
2023-12-05T13:20:32.705+02:00  WARN 5236 --- [http-nio-8080-exec-8] .w.s.m.s.DefaultHandlerExceptionResolver : Resolved [org.springframework.web.bind.MissingServletRequestParameterException: Required request parameter 'message' for method parameter type String is not present]
2023-12-05T13:20:34.755+02:00  WARN 5236 --- [http-nio-8080-exec-3] .w.s.m.s.DefaultHandlerExceptionResolver : Resolved [org.springframework.web.bind.MissingServletRequestParameterException: Required request parameter 'message' for method parameter type String is not present]
2023-12-05T13:23:19.128+02:00  WARN 5236 --- [http-nio-8080-exec-6] .w.s.m.s.DefaultHandlerExceptionResolver : Resolved [org.springframework.web.bind.MissingServletRequestParameterException: Required request parameter 'message' for method parameter type String is not present]
2023-12-05T13:23:40.184+02:00  WARN 5236 --- [http-nio-8080-exec-10] .w.s.m.s.DefaultHandlerExceptionResolver : Resolved [org.springframework.web.bind.MissingServletRequestParameterException: Required request parameter 'message' for method parameter type String is not present]
2023-12-05T13:24:41.832+02:00  WARN 5236 --- [http-nio-8080-exec-2] .w.s.m.s.DefaultHandlerExceptionResolver : Resolved [org.springframework.web.bind.MissingServletRequestParameterException: Required request parameter 'message' for method parameter type String is not present]
2023-12-05T13:25:09.170+02:00  INFO 5236 --- [SpringApplicationShutdownHook] j.LocalContainerEntityManagerFactoryBean : Closing JPA EntityManagerFactory for persistence unit 'default'
2023-12-05T13:25:09.172+02:00  INFO 5236 --- [SpringApplicationShutdownHook] com.zaxxer.hikari.HikariDataSource       : HikariPool-1 - Shutdown initiated...
2023-12-05T13:25:09.173+02:00  INFO 5236 --- [SpringApplicationShutdownHook] com.zaxxer.hikari.HikariDataSource       : HikariPool-1 - Shutdown completed.
2023-12-05T13:19:08.948+02:00  INFO 5236 --- [main] c.e.HealthyDog.HealthyDogApplication     : Starting HealthyDogApplication using Java 17.0.7 with PID 5236 (C:\Users\MJ\Desktop\BC\HealthyDog\target\classes started by MJ in C:\Users\MJ\Desktop\BC\HealthyDog)
2023-12-05T13:19:08.950+02:00  INFO 5236 --- [main] c.e.HealthyDog.HealthyDogApplication     : No active profile set, falling back to 1 default profile: "default"
2023-12-05T13:19:09.372+02:00  INFO 5236 --- [main] .s.d.r.c.RepositoryConfigurationDelegate : Bootstrapping Spring Data JPA repositories in DEFAULT mode.
2023-12-05T13:19:09.415+02:00  INFO 5236 --- [main] .s.d.r.c.RepositoryConfigurationDelegate : Finished Spring Data repository scanning in 37 ms. Found 3 JPA repository interfaces.
2023-12-05T13:19:09.772+02:00  INFO 5236 --- [main] o.s.b.w.embedded.tomcat.TomcatWebServer  : Tomcat initialized with port 8080 (http)
2023-12-05T13:19:09.780+02:00  INFO 5236 --- [main] o.apache.catalina.core.StandardService   : Starting service [Tomcat]
2023-12-05T13:19:09.780+02:00  INFO 5236 --- [main] o.apache.catalina.core.StandardEngine    : Starting Servlet engine: [Apache Tomcat/10.1.16]
2023-12-05T13:19:09.827+02:00  INFO 5236 --- [main] o.a.c.c.C.[Tomcat].[localhost].[/]       : Initializing Spring embedded WebApplicationContext
2023-12-05T13:19:09.829+02:00  INFO 5236 --- [main] w.s.c.ServletWebServerApplicationContext : Root WebApplicationContext: initialization completed in 844 ms
2023-12-05T13:19:09.848+02:00  INFO 5236 --- [main] com.zaxxer.hikari.HikariDataSource       : HikariPool-1 - Starting...
2023-12-05T13:19:09.968+02:00  INFO 5236 --- [main] com.zaxxer.hikari.pool.HikariPool        : HikariPool-1 - Added connection conn0: url=jdbc:h2:mem:healthydog user=SA
2023-12-05T13:19:09.969+02:00  INFO 5236 --- [main] com.zaxxer.hikari.HikariDataSource       : HikariPool-1 - Start completed.
2023-12-05T13:19:09.977+02:00  INFO 5236 --- [main] o.s.b.a.h2.H2ConsoleAutoConfiguration    : H2 console available at '/h2-console'. Database available at 'jdbc:h2:mem:healthydog'
2023-12-05T13:19:10.106+02:00  INFO 5236 --- [main] o.hibernate.jpa.internal.util.LogHelper  : HHH000204: Processing PersistenceUnitInfo [name: default]
2023-12-05T13:19:10.139+02:00  INFO 5236 --- [main] org.hibernate.Version                    : HHH000412: Hibernate ORM core version 6.3.1.Final
2023-12-05T13:19:10.163+02:00  INFO 5236 --- [main] o.h.c.internal.RegionFactoryInitiator    : HHH000026: Second-level cache disabled
2023-12-05T13:19:10.309+02:00  INFO 5236 --- [main] o.s.o.j.p.SpringPersistenceUnitInfo      : No LoadTimeWeaver setup: ignoring JPA class transformer
2023-12-05T13:19:10.846+02:00  INFO 5236 --- [main] o.h.e.t.j.p.i.JtaPlatformInitiator       : HHH000489: No JTA platform available (set 'hibernate.transaction.jta.platform' to enable JTA platform integration)
2023-12-05T13:19:10.847+02:00  INFO 5236 --- [main] j.LocalContainerEntityManagerFactoryBean : Initialized JPA EntityManagerFactory for persistence unit 'default'
2023-12-05T13:19:11.067+02:00  WARN 5236 --- [main] JpaBaseConfiguration$JpaWebConfiguration : spring.jpa.open-in-view is enabled by default. Therefore, database queries may be performed during view rendering. Explicitly configure spring.jpa.open-in-view to disable this warning
2023-12-05T13:19:11.079+02:00  INFO 5236 --- [main] o.s.b.a.w.s.WelcomePageHandlerMapping    : Adding welcome page template: index
2023-12-05T13:19:11.277+02:00  INFO 5236 --- [main] o.s.b.w.embedded.tomcat.TomcatWebServer  : Tomcat started on port 8080 (http) with context path ''
2023-12-05T13:19:11.283+02:00  INFO 5236 --- [main] c.e.HealthyDog.HealthyDogApplication     : Started HealthyDogApplication in 2.628 seconds (process running for 2.903)
2023-12-05T13:20:25.469+02:00  INFO 5236 --- [http-nio-8080-exec-9] o.a.c.c.C.[Tomcat].[localhost].[/]       : Initializing Spring DispatcherServlet 'dispatcherServlet'
2023-12-05T13:20:25.469+02:00  INFO 5236 --- [http-nio-8080-exec-9] o.s.web.servlet.DispatcherServlet        : Initializing Servlet 'dispatcherServlet'
2023-12-05T13:20:25.470+02:00  INFO 5236 --- [http-nio-8080-exec-9] o.s.web.servlet.DispatcherServlet        : Completed initialization in 1 ms
2023-12-05T13:20:27.153+02:00  WARN 5236 --- [http-nio-8080-exec-1] .w.s.m.s.DefaultHandlerExceptionResolver : Resolved [org.springframework.web.bind.MissingServletRequestParameterException: Required request parameter 'message' for method parameter type String is not present]
2023-12-05T13:20:32.705+02:00  WARN 5236 --- [http-nio-8080-exec-8] .w.s.m.s.DefaultHandlerExceptionResolver : Resolved [org.springframework.web.bind.MissingServletRequestParameterException: Required request parameter 'message' for method parameter type String is not present]
2023-12-05T13:20:34.755+02:00  WARN 5236 --- [http-nio-8080-exec-3] .w.s.m.s.DefaultHandlerExceptionResolver : Resolved [org.springframework.web.bind.MissingServletRequestParameterException: Required request parameter 'message' for method parameter type String is not present]
2023-12-05T13:23:19.128+02:00  WARN 5236 --- [http-nio-8080-exec-6] .w.s.m.s.DefaultHandlerExceptionResolver : Resolved [org.springframework.web.bind.MissingServletRequestParameterException: Required request parameter 'message' for method parameter type String is not present]
2023-12-05T13:23:40.184+02:00  WARN 5236 --- [http-nio-8080-exec-10] .w.s.m.s.DefaultHandlerExceptionResolver : Resolved [org.springframework.web.bind.MissingServletRequestParameterException: Required request parameter 'message' for method parameter type String is not present]
2023-12-05T13:24:41.832+02:00  WARN 5236 --- [http-nio-8080-exec-2] .w.s.m.s.DefaultHandlerExceptionResolver : Resolved [org.springframework.web.bind.MissingServletRequestParameterException: Required request parameter 'message' for method parameter type String is not present]
2023-12-05T13:25:09.170+02:00  INFO 5236 --- [SpringApplicationShutdownHook] j.LocalContainerEntityManagerFactoryBean : Closing JPA EntityManagerFactory for persistence unit 'default'
2023-12-05T13:25:09.172+02:00  INFO 5236 --- [SpringApplicationShutdownHook] com.zaxxer.hikari.HikariDataSource       : HikariPool-1 - Shutdown initiated...
2023-12-05T13:25:09.173+02:00  INFO 5236 --- [SpringApplicationShutdownHook] com.zaxxer.hikari.HikariDataSource       : HikariPool-1 - Shutdown completed.
2023-12-05T13:25:10.528+02:00  INFO 13040 --- [main] c.e.HealthyDog.HealthyDogApplication     : Starting HealthyDogApplication using Java 17.0.7 with PID 13040 (C:\Users\MJ\Desktop\BC\HealthyDog\target\classes started by MJ in C:\Users\MJ\Desktop\BC\HealthyDog)
2023-12-05T13:25:10.530+02:00  INFO 13040 --- [main] c.e.HealthyDog.HealthyDogApplication     : No active profile set, falling back to 1 default profile: "default"
2023-12-05T13:25:10.967+02:00  INFO 13040 --- [main] .s.d.r.c.RepositoryConfigurationDelegate : Bootstrapping Spring Data JPA repositories in DEFAULT mode.
2023-12-05T13:25:11.010+02:00  INFO 13040 --- [main] .s.d.r.c.RepositoryConfigurationDelegate : Finished Spring Data repository scanning in 37 ms. Found 3 JPA repository interfaces.
2023-12-05T13:25:11.379+02:00  INFO 13040 --- [main] o.s.b.w.embedded.tomcat.TomcatWebServer  : Tomcat initialized with port 8080 (http)
2023-12-05T13:25:11.385+02:00  INFO 13040 --- [main] o.apache.catalina.core.StandardService   : Starting service [Tomcat]
2023-12-05T13:25:11.385+02:00  INFO 13040 --- [main] o.apache.catalina.core.StandardEngine    : Starting Servlet engine: [Apache Tomcat/10.1.16]
2023-12-05T13:25:11.434+02:00  INFO 13040 --- [main] o.a.c.c.C.[Tomcat].[localhost].[/]       : Initializing Spring embedded WebApplicationContext
2023-12-05T13:25:11.434+02:00  INFO 13040 --- [main] w.s.c.ServletWebServerApplicationContext : Root WebApplicationContext: initialization completed in 867 ms
2023-12-05T13:25:11.458+02:00  INFO 13040 --- [main] com.zaxxer.hikari.HikariDataSource       : HikariPool-1 - Starting...
2023-12-05T13:25:11.566+02:00  INFO 13040 --- [main] com.zaxxer.hikari.pool.HikariPool        : HikariPool-1 - Added connection conn0: url=jdbc:h2:mem:healthydog user=SA
2023-12-05T13:25:11.567+02:00  INFO 13040 --- [main] com.zaxxer.hikari.HikariDataSource       : HikariPool-1 - Start completed.
2023-12-05T13:25:11.574+02:00  INFO 13040 --- [main] o.s.b.a.h2.H2ConsoleAutoConfiguration    : H2 console available at '/h2-console'. Database available at 'jdbc:h2:mem:healthydog'
2023-12-05T13:25:11.694+02:00  INFO 13040 --- [main] o.hibernate.jpa.internal.util.LogHelper  : HHH000204: Processing PersistenceUnitInfo [name: default]
2023-12-05T13:25:11.728+02:00  INFO 13040 --- [main] org.hibernate.Version                    : HHH000412: Hibernate ORM core version 6.3.1.Final
2023-12-05T13:25:11.753+02:00  INFO 13040 --- [main] o.h.c.internal.RegionFactoryInitiator    : HHH000026: Second-level cache disabled
2023-12-05T13:25:11.898+02:00  INFO 13040 --- [main] o.s.o.j.p.SpringPersistenceUnitInfo      : No LoadTimeWeaver setup: ignoring JPA class transformer
2023-12-05T13:25:12.423+02:00  INFO 13040 --- [main] o.h.e.t.j.p.i.JtaPlatformInitiator       : HHH000489: No JTA platform available (set 'hibernate.transaction.jta.platform' to enable JTA platform integration)
2023-12-05T13:25:12.424+02:00  INFO 13040 --- [main] j.LocalContainerEntityManagerFactoryBean : Initialized JPA EntityManagerFactory for persistence unit 'default'
2023-12-05T13:25:12.654+02:00  WARN 13040 --- [main] JpaBaseConfiguration$JpaWebConfiguration : spring.jpa.open-in-view is enabled by default. Therefore, database queries may be performed during view rendering. Explicitly configure spring.jpa.open-in-view to disable this warning
2023-12-05T13:25:12.668+02:00  INFO 13040 --- [main] o.s.b.a.w.s.WelcomePageHandlerMapping    : Adding welcome page template: index
2023-12-05T13:25:12.863+02:00  INFO 13040 --- [main] o.s.b.w.embedded.tomcat.TomcatWebServer  : Tomcat started on port 8080 (http) with context path ''
2023-12-05T13:25:12.868+02:00  INFO 13040 --- [main] c.e.HealthyDog.HealthyDogApplication     : Started HealthyDogApplication in 2.636 seconds (process running for 2.933)
2023-12-05T13:25:14.263+02:00  INFO 13040 --- [http-nio-8080-exec-1] o.a.c.c.C.[Tomcat].[localhost].[/]       : Initializing Spring DispatcherServlet 'dispatcherServlet'
2023-12-05T13:25:14.263+02:00  INFO 13040 --- [http-nio-8080-exec-1] o.s.web.servlet.DispatcherServlet        : Initializing Servlet 'dispatcherServlet'
2023-12-05T13:25:14.264+02:00  INFO 13040 --- [http-nio-8080-exec-1] o.s.web.servlet.DispatcherServlet        : Completed initialization in 1 ms
2023-12-05T13:25:15.429+02:00  WARN 13040 --- [http-nio-8080-exec-2] .w.s.m.s.DefaultHandlerExceptionResolver : Resolved [org.springframework.web.bind.MissingServletRequestParameterException: Required request parameter 'type' for method parameter type String is not present]
2023-12-05T13:25:15.532+02:00  WARN 13040 --- [http-nio-8080-exec-3] .w.s.m.s.DefaultHandlerExceptionResolver : Resolved [org.springframework.web.bind.MissingServletRequestParameterException: Required request parameter 'message' for method parameter type String is not present]
2023-12-05T13:26:37.489+02:00  INFO 13040 --- [SpringApplicationShutdownHook] j.LocalContainerEntityManagerFactoryBean : Closing JPA EntityManagerFactory for persistence unit 'default'
2023-12-05T13:26:37.489+02:00  INFO 13040 --- [SpringApplicationShutdownHook] com.zaxxer.hikari.HikariDataSource       : HikariPool-1 - Shutdown initiated...
2023-12-05T13:26:37.490+02:00  INFO 13040 --- [SpringApplicationShutdownHook] com.zaxxer.hikari.HikariDataSource       : HikariPool-1 - Shutdown completed.
